2024-09-23 13:51:02,971  INFO [main] nopCommerceSDET:67 - ************* Launching Browser *****************
2024-09-23 13:51:03,032  INFO [main] nopCommerceSDET:73 - ************* Opening URL  *****************
2024-09-23 13:51:04,611  INFO [main] nopCommerceSDET:80 - ************* Prvding user and password *****************
2024-09-23 13:51:05,101  INFO [main] nopCommerceSDET:87 - ************* click on login *****************
2024-09-23 13:51:06,887  INFO [main] nopCommerceSDET:67 - ************* Launching Browser *****************
2024-09-23 13:51:06,889  INFO [main] nopCommerceSDET:73 - ************* Opening URL  *****************
2024-09-23 13:51:09,623  INFO [main] nopCommerceSDET:80 - ************* Prvding user and password *****************
2024-09-23 13:51:09,990  INFO [main] nopCommerceSDET:87 - ************* click on login *****************
2024-09-23 13:51:11,863  INFO [main] nopCommerceSDET:67 - ************* Launching Browser *****************
2024-09-23 13:51:11,874  INFO [main] nopCommerceSDET:73 - ************* Opening URL  *****************
2024-09-23 13:51:13,444  INFO [main] nopCommerceSDET:80 - ************* Prvding user and password *****************
2024-09-23 13:51:14,275  INFO [main] nopCommerceSDET:87 - ************* click on login *****************
2024-09-23 13:54:49,877  INFO [main] nopCommerceSDET:67 - ************* Launching Browser *****************
2024-09-23 13:54:49,930  INFO [main] nopCommerceSDET:73 - ************* Opening URL  *****************
2024-09-23 13:54:51,534  INFO [main] nopCommerceSDET:80 - ************* Prvding user and password *****************
2024-09-23 13:54:52,026  INFO [main] nopCommerceSDET:87 - ************* click on login *****************
2024-09-23 13:54:52,379  INFO [main] nopCommerceSDET:102 - ************* Login Passed *****************
2024-09-23 13:54:54,416  INFO [main] nopCommerceSDET:67 - ************* Launching Browser *****************
2024-09-23 13:54:54,418  INFO [main] nopCommerceSDET:73 - ************* Opening URL  *****************
2024-09-23 13:54:56,652  INFO [main] nopCommerceSDET:80 - ************* Prvding user and password *****************
2024-09-23 13:54:57,150  INFO [main] nopCommerceSDET:87 - ************* click on login *****************
2024-09-23 13:54:57,629  INFO [main] nopCommerceSDET:102 - ************* Login Passed *****************
2024-09-23 13:55:00,999  INFO [main] nopCommerceSDET:67 - ************* Launching Browser *****************
2024-09-23 13:55:00,999  INFO [main] nopCommerceSDET:73 - ************* Opening URL  *****************
2024-09-23 13:55:03,872  INFO [main] nopCommerceSDET:80 - ************* Prvding user and password *****************
2024-09-23 13:55:04,685  INFO [main] nopCommerceSDET:87 - ************* click on login *****************
2024-09-23 13:55:06,187  INFO [main] nopCommerceSDET:102 - ************* Login Passed *****************
2024-09-23 14:02:57,882  INFO [main] nopCommerceSDET:67 - ************* Launching Browser *****************
2024-09-23 14:02:57,946  INFO [main] nopCommerceSDET:73 - ************* Opening URL  *****************
2024-09-23 14:02:59,477  INFO [main] nopCommerceSDET:80 - ************* Prvding user and password *****************
2024-09-23 14:02:59,965  INFO [main] nopCommerceSDET:87 - ************* click on login *****************
2024-09-23 14:03:00,291  INFO [main] nopCommerceSDET:102 - ************* Login Passed *****************
2024-09-23 14:03:02,407  INFO [main] nopCommerceSDET:67 - ************* Launching Browser *****************
2024-09-23 14:03:02,407  INFO [main] nopCommerceSDET:73 - ************* Opening URL  *****************
2024-09-23 14:03:04,326  INFO [main] nopCommerceSDET:80 - ************* Prvding user and password *****************
2024-09-23 14:03:04,919  INFO [main] nopCommerceSDET:87 - ************* click on login *****************
2024-09-23 14:03:05,461  INFO [main] nopCommerceSDET:102 - ************* Login Passed *****************
2024-09-23 14:03:08,892  INFO [main] nopCommerceSDET:67 - ************* Launching Browser *****************
2024-09-23 14:03:08,896  INFO [main] nopCommerceSDET:73 - ************* Opening URL  *****************
2024-09-23 14:03:11,310  INFO [main] nopCommerceSDET:80 - ************* Prvding user and password *****************
2024-09-23 14:03:12,883  INFO [main] nopCommerceSDET:87 - ************* click on login *****************
2024-09-23 14:03:14,445  INFO [main] nopCommerceSDET:102 - ************* Login Passed *****************
2024-09-23 15:19:11,065  INFO [main] nopCommerceSDET:66 - ************* Launching Browser *****************
2024-09-23 15:19:11,112  INFO [main] nopCommerceSDET:72 - ************* Opening URL  *****************
2024-09-23 15:19:12,687  INFO [main] nopCommerceSDET:79 - ************* Prvding user and password *****************
2024-09-23 15:19:13,138  INFO [main] nopCommerceSDET:86 - ************* click on login *****************
2024-09-23 15:19:13,438  INFO [main] nopCommerceSDET:101 - ************* Login Passed *****************
2024-09-23 15:19:15,560  INFO [main] nopCommerceSDET:66 - ************* Launching Browser *****************
2024-09-23 15:19:15,560  INFO [main] nopCommerceSDET:72 - ************* Opening URL  *****************
2024-09-23 15:19:18,494  INFO [main] nopCommerceSDET:79 - ************* Prvding user and password *****************
2024-09-23 15:19:19,259  INFO [main] nopCommerceSDET:86 - ************* click on login *****************
2024-09-23 15:19:19,927  INFO [main] nopCommerceSDET:101 - ************* Login Passed *****************
2024-09-23 15:19:23,088  INFO [main] nopCommerceSDET:66 - ************* Launching Browser *****************
2024-09-23 15:19:23,088  INFO [main] nopCommerceSDET:72 - ************* Opening URL  *****************
2024-09-23 15:19:27,410  INFO [main] nopCommerceSDET:79 - ************* Prvding user and password *****************
2024-09-23 15:19:29,609  INFO [main] nopCommerceSDET:86 - ************* click on login *****************
2024-09-23 15:19:30,559  INFO [main] nopCommerceSDET:101 - ************* Login Passed *****************
2024-09-23 15:21:13,452  INFO [main] nopCommerceSDET:66 - ************* Launching Browser *****************
2024-09-23 15:21:13,503  INFO [main] nopCommerceSDET:72 - ************* Opening URL  *****************
2024-09-23 15:21:15,199  INFO [main] nopCommerceSDET:79 - ************* Prvding user and password *****************
2024-09-23 15:21:15,759  INFO [main] nopCommerceSDET:86 - ************* click on login *****************
2024-09-23 15:21:16,095  INFO [main] nopCommerceSDET:101 - ************* Login Passed *****************
2024-09-23 17:49:54,762  INFO [main] CucumberSDETProject:66 - ************* Launching Browser *****************
2024-09-23 17:49:54,820  INFO [main] CucumberSDETProject:72 - ************* Opening URL  *****************
2024-09-23 17:49:56,423  INFO [main] CucumberSDETProject:79 - ************* Prvding user and password *****************
2024-09-23 17:49:56,878  INFO [main] CucumberSDETProject:86 - ************* click on login *****************
2024-09-23 17:49:57,390  INFO [main] CucumberSDETProject:101 - ************* Login Passed *****************
2024-09-23 17:49:59,565  INFO [main] CucumberSDETProject:66 - ************* Launching Browser *****************
2024-09-23 17:49:59,580  INFO [main] CucumberSDETProject:72 - ************* Opening URL  *****************
2024-09-23 17:50:00,754  INFO [main] CucumberSDETProject:79 - ************* Prvding user and password *****************
2024-09-23 17:50:01,550  INFO [main] CucumberSDETProject:86 - ************* click on login *****************
2024-09-23 17:50:02,066  INFO [main] CucumberSDETProject:101 - ************* Login Passed *****************
2024-09-23 17:50:06,048  INFO [main] CucumberSDETProject:66 - ************* Launching Browser *****************
2024-09-23 17:50:06,048  INFO [main] CucumberSDETProject:72 - ************* Opening URL  *****************
2024-09-23 17:50:09,430  INFO [main] CucumberSDETProject:79 - ************* Prvding user and password *****************
2024-09-23 17:50:10,255  INFO [main] CucumberSDETProject:86 - ************* click on login *****************
2024-09-23 17:50:16,391  INFO [main] CucumberSDETProject:101 - ************* Login Passed *****************
2024-09-23 17:56:11,237  INFO [main] CucumberSDETProject:66 - ************* Launching Browser *****************
2024-09-23 17:56:11,308  INFO [main] CucumberSDETProject:72 - ************* Opening URL  *****************
2024-09-23 17:56:12,904  INFO [main] CucumberSDETProject:79 - ************* Prvding user and password *****************
2024-09-23 17:56:13,437  INFO [main] CucumberSDETProject:86 - ************* click on login *****************
2024-09-23 17:56:13,795  INFO [main] CucumberSDETProject:101 - ************* Login Passed *****************
2024-09-23 17:56:16,891  INFO [main] CucumberSDETProject:112 - ************* clciking on logout *****************
2024-09-23 17:56:18,568  INFO [main] CucumberSDETProject:66 - ************* Launching Browser *****************
2024-09-23 17:56:18,568  INFO [main] CucumberSDETProject:72 - ************* Opening URL  *****************
2024-09-23 17:56:20,202  INFO [main] CucumberSDETProject:79 - ************* Prvding user and password *****************
2024-09-23 17:56:20,790  INFO [main] CucumberSDETProject:86 - ************* click on login *****************
2024-09-23 17:56:21,576  INFO [main] CucumberSDETProject:101 - ************* Login Passed *****************
2024-09-23 17:56:24,612  INFO [main] CucumberSDETProject:112 - ************* clciking on logout *****************
2024-09-23 17:56:28,246  INFO [main] CucumberSDETProject:66 - ************* Launching Browser *****************
2024-09-23 17:56:28,249  INFO [main] CucumberSDETProject:72 - ************* Opening URL  *****************
2024-09-23 17:56:38,273  INFO [main] CucumberSDETProject:79 - ************* Prvding user and password *****************
2024-09-23 17:56:39,321  INFO [main] CucumberSDETProject:86 - ************* click on login *****************
2024-09-23 17:56:39,890  INFO [main] CucumberSDETProject:101 - ************* Login Passed *****************
2024-09-23 17:56:43,068  INFO [main] CucumberSDETProject:112 - ************* clciking on logout *****************
2024-09-23 18:02:48,179  INFO [main] CucumberSDETProject:66 - ************* Launching Browser *****************
2024-09-23 18:02:48,227  INFO [main] CucumberSDETProject:72 - ************* Opening URL  *****************
2024-09-23 18:02:50,225  INFO [main] CucumberSDETProject:79 - ************* Prvding user and password *****************
2024-09-23 18:02:50,648  INFO [main] CucumberSDETProject:86 - ************* click on login *****************
2024-09-23 18:02:50,977  INFO [main] CucumberSDETProject:101 - ************* Login Passed *****************
2024-09-23 18:02:53,605  INFO [main] CucumberSDETProject:66 - ************* Launching Browser *****************
2024-09-23 18:02:53,608  INFO [main] CucumberSDETProject:72 - ************* Opening URL  *****************
2024-09-23 18:02:55,539  INFO [main] CucumberSDETProject:79 - ************* Prvding user and password *****************
2024-09-23 18:02:56,891  INFO [main] CucumberSDETProject:86 - ************* click on login *****************
2024-09-23 18:02:57,835  INFO [main] CucumberSDETProject:101 - ************* Login Passed *****************
2024-09-23 18:03:01,803  INFO [main] CucumberSDETProject:66 - ************* Launching Browser *****************
2024-09-23 18:03:01,805  INFO [main] CucumberSDETProject:72 - ************* Opening URL  *****************
2024-09-23 18:03:05,898  INFO [main] CucumberSDETProject:79 - ************* Prvding user and password *****************
2024-09-23 18:03:06,568  INFO [main] CucumberSDETProject:86 - ************* click on login *****************
2024-09-23 18:03:13,035  INFO [main] CucumberSDETProject:101 - ************* Login Passed *****************
2024-09-24 13:26:22,624  INFO [main] CucumberSDETProject:66 - ************* Launching Browser *****************
2024-09-24 13:26:22,712  INFO [main] CucumberSDETProject:72 - ************* Opening URL  *****************
2024-09-24 13:26:25,459  INFO [main] CucumberSDETProject:79 - ************* Prvding user and password *****************
2024-09-24 13:26:26,014  INFO [main] CucumberSDETProject:86 - ************* click on login *****************
2024-09-24 13:26:26,386  INFO [main] CucumberSDETProject:101 - ************* Login Passed *****************
2024-09-24 13:47:00,383  INFO [main] CucumberSDETProject:63 - ************* Launching Browser *****************
2024-09-24 13:47:00,442  INFO [main] CucumberSDETProject:69 - ************* Opening URL  *****************
2024-09-24 13:47:02,366  INFO [main] CucumberSDETProject:76 - ************* Prvding user and password *****************
2024-09-24 13:47:02,710  INFO [main] CucumberSDETProject:83 - ************* click on login *****************
2024-09-24 13:47:03,833  INFO [main] CucumberSDETProject:98 - ************* Login Passed *****************
2024-09-24 14:00:33,733  INFO [main] CucumberSDETProject:63 - ************* Launching Browser *****************
2024-09-24 14:00:33,783  INFO [main] CucumberSDETProject:69 - ************* Opening URL  *****************
2024-09-24 14:00:35,161  INFO [main] CucumberSDETProject:76 - ************* Prvding user and password *****************
2024-09-24 14:03:05,584  INFO [main] CucumberSDETProject:63 - ************* Launching Browser *****************
2024-09-24 14:03:05,634  INFO [main] CucumberSDETProject:69 - ************* Opening URL  *****************
2024-09-24 14:03:07,112  INFO [main] CucumberSDETProject:83 - ************* click on login *****************
2024-09-24 14:07:30,325  INFO [main] CucumberSDETProject:63 - ************* Launching Browser *****************
2024-09-24 14:07:30,384  INFO [main] CucumberSDETProject:69 - ************* Opening URL  *****************
2024-09-24 14:07:33,196  INFO [main] CucumberSDETProject:83 - ************* click on login *****************
2024-09-24 14:17:08,728  INFO [main] CucumberSDETProject:63 - ************* Launching Browser *****************
2024-09-24 14:17:08,774  INFO [main] CucumberSDETProject:69 - ************* Opening URL  *****************
2024-09-24 14:17:10,402  INFO [main] CucumberSDETProject:76 - ************* Prvding user and password *****************
2024-09-24 14:17:10,875  INFO [main] CucumberSDETProject:83 - ************* click on login *****************
2024-09-24 14:22:49,327  INFO [main] CucumberSDETProject:63 - ************* Launching Browser *****************
2024-09-24 14:22:49,371  INFO [main] CucumberSDETProject:69 - ************* Opening URL  *****************
2024-09-24 14:22:50,787  INFO [main] CucumberSDETProject:76 - ************* Prvding user and password *****************
2024-09-24 14:22:51,351  INFO [main] CucumberSDETProject:83 - ************* click on login *****************
